Started GET "/" for 127.0.0.1 at 2021-03-17 22:59:49 +0900
  [1m[35m (2.0ms)[0m  [1m[34mSELECT sqlite_version(*)[0m
Processing by Rails::WelcomeController#index as HTML
  Rendering vendor/bundle/gems/railties-6.0.3.5/lib/rails/templates/rails/welcome/index.html.erb
  Rendered vendor/bundle/gems/railties-6.0.3.5/lib/rails/templates/rails/welcome/index.html.erb (Duration: 5.7ms | Allocations: 477)
Completed 200 OK in 15ms (Views: 9.8ms | ActiveRecord: 0.0ms | Allocations: 2852)


Started GET "/" for 127.0.0.1 at 2021-03-19 09:03:50 +0900
  [1m[35m (0.7ms)[0m  [1m[34mSELECT sqlite_version(*)[0m
Processing by Rails::WelcomeController#index as HTML
  Rendering vendor/bundle/gems/railties-6.0.3.5/lib/rails/templates/rails/welcome/index.html.erb
  Rendered vendor/bundle/gems/railties-6.0.3.5/lib/rails/templates/rails/welcome/index.html.erb (Duration: 7.0ms | Allocations: 311)
Completed 200 OK in 16ms (Views: 11.2ms | ActiveRecord: 0.0ms | Allocations: 1827)


Started GET "/static_pages/home" for 127.0.0.1 at 2021-03-19 09:03:55 +0900
Processing by StaticPagesController#home as HTML
  Rendering static_pages/home.html.erb within layouts/application
  Rendered static_pages/home.html.erb within layouts/application (Duration: 0.3ms | Allocations: 84)
[Webpacker] Compiling...
[Webpacker] Compiled all packs in /Users/sawakamehiroya/sample_app/public/packs
[Webpacker] Hash: ef270c56fa66020c9089
Version: webpack 4.46.0
Time: 1611ms
Built at: 2021/03/19 9:03:58
                                     Asset       Size       Chunks                         Chunk Names
    js/application-e88c6c3304a15e6886b6.js    124 KiB  application  [emitted] [immutable]  application
js/application-e88c6c3304a15e6886b6.js.map    139 KiB  application  [emitted] [dev]        application
                             manifest.json  364 bytes               [emitted]              
Entrypoint application = js/application-e88c6c3304a15e6886b6.js js/application-e88c6c3304a15e6886b6.js.map
[./app/javascript/channels sync recursive _channel\.js$] ./app/javascript/channels sync _channel\.js$ 160 bytes {application} [built]
[./app/javascript/channels/index.js] 211 bytes {application} [built]
[./app/javascript/packs/application.js] 749 bytes {application} [built]
[./node_modules/webpack/buildin/module.js] (webpack)/buildin/module.js 552 bytes {application} [built]
    + 3 hidden modules

Completed 200 OK in 3405ms (Views: 3400.4ms | ActiveRecord: 0.0ms | Allocations: 18025)


  [1m[35m (0.3ms)[0m  [1m[34mSELECT sqlite_version(*)[0m
  [1m[35m (2.7ms)[0m  [1m[35mCREATE TABLE "schema_migrations" ("version" varchar NOT NULL PRIMARY KEY)[0m
  [1m[35m (1.3ms)[0m  [1m[35mCREATE TABLE "ar_internal_metadata" ("key" varchar NOT NULL PRIMARY KEY, "value" varchar, "created_at" datetime(6) NOT NULL, "updated_at" datetime(6) NOT NULL)[0m
  [1m[36mActiveRecord::InternalMetadata Load (0.2ms)[0m  [1m[34mSELECT "ar_internal_metadata".* FROM "ar_internal_metadata" WHERE "ar_internal_metadata"."key" = ? LIMIT ?[0m  [["key", "environment"], ["LIMIT", 1]]
  [1m[35m (0.0ms)[0m  [1m[36mbegin transaction[0m
  [1m[36mActiveRecord::InternalMetadata Create (0.3ms)[0m  [1m[32mINSERT INTO "ar_internal_metadata" ("key", "value", "created_at", "updated_at") VALUES (?, ?, ?, ?)[0m  [["key", "environment"], ["value", "development"], ["created_at", "2021-03-19 00:48:39.440760"], ["updated_at", "2021-03-19 00:48:39.440760"]]
  [1m[35m (1.1ms)[0m  [1m[36mcommit transaction[0m
  [1m[35m (0.0ms)[0m  [1m[34mSELECT sqlite_version(*)[0m
  [1m[35m (0.1ms)[0m  [1m[34mSELECT "schema_migrations"."version" FROM "schema_migrations" ORDER BY "schema_migrations"."version" ASC[0m
Started GET "/" for 127.0.0.1 at 2021-03-21 22:44:49 +0900
  [1m[35m (0.7ms)[0m  [1m[34mSELECT sqlite_version(*)[0m
Processing by StaticPagesController#home as HTML
  Rendering static_pages/home.html.erb within layouts/application
  Rendered static_pages/home.html.erb within layouts/application (Duration: 1.1ms | Allocations: 225)
[Webpacker] Everything's up-to-date. Nothing to do
Completed 200 OK in 44ms (Views: 38.3ms | ActiveRecord: 0.0ms | Allocations: 9224)


Started GET "/" for 127.0.0.1 at 2021-03-23 09:54:09 +0900
  [1m[35m (0.6ms)[0m  [1m[34mSELECT sqlite_version(*)[0m
Processing by StaticPagesController#home as HTML
  Rendering static_pages/home.html.erb within layouts/application
  Rendered static_pages/home.html.erb within layouts/application (Duration: 16.1ms | Allocations: 5167)
Completed 500 Internal Server Error in 22ms (ActiveRecord: 0.0ms | Allocations: 7158)


  
ActionView::Template::Error (The asset "rails.svg" is not present in the asset pipeline.
):
     9: <%= link_to "Sign up now!", '#', class: "btn btn-lg btn-primary" %>
    10: </div>
    11: 
    12: <%= link_to image_tag("rails.svg", alt: "Rails logo", width: "200px"),
    13:             "https://rubyonrails.org/" %>
  
app/views/static_pages/home.html.erb:12
Started GET "/" for 127.0.0.1 at 2021-03-23 09:54:34 +0900
Processing by StaticPagesController#home as HTML
  Rendering static_pages/home.html.erb within layouts/application
  Rendered static_pages/home.html.erb within layouts/application (Duration: 4.0ms | Allocations: 4137)
Completed 500 Internal Server Error in 5ms (ActiveRecord: 0.0ms | Allocations: 4633)


  
ActionView::Template::Error (The asset "rails.svg" is not present in the asset pipeline.
):
     9: <%= link_to "Sign up now!", '#', class: "btn btn-lg btn-primary" %>
    10: </div>
  
app/views/static_pages/home.html.erb:12
Started GET "/" for 127.0.0.1 at 2021-03-23 09:54:45 +0900
Processing by StaticPagesController#home as HTML
  Rendering static_pages/home.html.erb within layouts/application
  Rendered static_pages/home.html.erb within layouts/application (Duration: 0.6ms | Allocations: 134)
[Webpacker] Everything's up-to-date. Nothing to do
Completed 200 OK in 394ms (Views: 393.2ms | ActiveRecord: 0.0ms | Allocations: 96013)


Started GET "/" for 127.0.0.1 at 2021-03-23 09:55:37 +0900
Processing by StaticPagesController#home as HTML
  Rendering static_pages/home.html.erb within layouts/application
  Rendered static_pages/home.html.erb within layouts/application (Duration: 0.1ms | Allocations: 26)
[Webpacker] Everything's up-to-date. Nothing to do
Completed 200 OK in 218ms (Views: 216.7ms | ActiveRecord: 0.0ms | Allocations: 59954)


Started GET "/" for 127.0.0.1 at 2021-03-23 09:56:01 +0900
Processing by StaticPagesController#home as HTML
  Rendering static_pages/home.html.erb within layouts/application
  Rendered static_pages/home.html.erb within layouts/application (Duration: 0.1ms | Allocations: 26)
[Webpacker] Everything's up-to-date. Nothing to do
Completed 200 OK in 217ms (Views: 216.7ms | ActiveRecord: 0.0ms | Allocations: 63015)


Started GET "/" for 127.0.0.1 at 2021-03-23 09:56:22 +0900
Processing by StaticPagesController#home as HTML
  Rendering static_pages/home.html.erb within layouts/application
  Rendered static_pages/home.html.erb within layouts/application (Duration: 0.1ms | Allocations: 27)
[Webpacker] Everything's up-to-date. Nothing to do
Completed 200 OK in 225ms (Views: 224.3ms | ActiveRecord: 0.0ms | Allocations: 66687)


Started GET "/" for 127.0.0.1 at 2021-03-24 09:43:00 +0900
  [1m[35m (2.7ms)[0m  [1m[34mSELECT sqlite_version(*)[0m
Processing by StaticPagesController#home as HTML
  Rendering static_pages/home.html.erb within layouts/application
  Rendered static_pages/home.html.erb within layouts/application (Duration: 1.8ms | Allocations: 372)
[Webpacker] Compiling…
Started GET "/" for 127.0.0.1 at 2021-03-24 09:43:04 +0900
  [1m[35m (0.4ms)[0m  [1m[34mSELECT sqlite_version(*)[0m
Processing by StaticPagesController#home as HTML
  Rendering static_pages/home.html.erb within layouts/application
  Rendered static_pages/home.html.erb within layouts/application (Duration: 0.1ms | Allocations: 5)
[Webpacker] Compiling…
[Webpacker] Compiled all packs in /Users/sawakamehiroya/sample_app/public/packs
[Webpacker] Hash: e20a62c0f02a28ffe0d9
Version: webpack 4.46.0
Time: 2726ms
Built at: 2021/03/24 9:43:07
                                     Asset       Size       Chunks                         Chunk Names
    js/application-b8bede7c66b17ca9461c.js    124 KiB  application  [emitted] [immutable]  application
js/application-b8bede7c66b17ca9461c.js.map    139 KiB  application  [emitted] [dev]        application
                             manifest.json  364 bytes               [emitted]              
Entrypoint application = js/application-b8bede7c66b17ca9461c.js js/application-b8bede7c66b17ca9461c.js.map
[./app/javascript/channels sync recursive _channel\.js$] ./app/javascript/channels sync _channel\.js$ 160 bytes {application} [built]
[./app/javascript/channels/index.js] 213 bytes {application} [built]
[./app/javascript/packs/application.js] 749 bytes {application} [built]
[./node_modules/webpack/buildin/module.js] (webpack)/buildin/module.js 552 bytes {application} [built]
    + 3 hidden modules

Completed 200 OK in 6834ms (Views: 6826.5ms | ActiveRecord: 0.0ms | Allocations: 1513731)


[Webpacker] Compiled all packs in /Users/sawakamehiroya/sample_app/public/packs
[Webpacker] Hash: e20a62c0f02a28ffe0d9
Version: webpack 4.46.0
Time: 2379ms
Built at: 2021/03/24 9:43:08
                                     Asset       Size       Chunks                         Chunk Names
    js/application-b8bede7c66b17ca9461c.js    124 KiB  application  [emitted] [immutable]  application
js/application-b8bede7c66b17ca9461c.js.map    139 KiB  application  [emitted] [dev]        application
                             manifest.json  364 bytes               [emitted]              
Entrypoint application = js/application-b8bede7c66b17ca9461c.js js/application-b8bede7c66b17ca9461c.js.map
[./app/javascript/channels sync recursive _channel\.js$] ./app/javascript/channels sync _channel\.js$ 160 bytes {application} [built]
[./app/javascript/channels/index.js] 213 bytes {application} [built]
[./app/javascript/packs/application.js] 749 bytes {application} [built]
[./node_modules/webpack/buildin/module.js] (webpack)/buildin/module.js 552 bytes {application} [built]
    + 3 hidden modules

Completed 200 OK in 4328ms (Views: 4327.0ms | ActiveRecord: 0.0ms | Allocations: 48206)


Started GET "/" for 127.0.0.1 at 2021-03-24 09:44:25 +0900
Processing by StaticPagesController#home as HTML
  Rendering static_pages/home.html.erb within layouts/application
  Rendered static_pages/home.html.erb within layouts/application (Duration: 0.0ms | Allocations: 4)
Completed 500 Internal Server Error in 157ms (ActiveRecord: 0.0ms | Allocations: 26086)


  
ActionView::Template::Error (File to import not found or unreadable: bootstrap-sprockets.
Load paths:
  /Users/sawakamehiroya/sample_app/app/assets/config
  /Users/sawakamehiroya/sample_app/app/assets/images
  /Users/sawakamehiroya/sample_app/app/assets/stylesheets
  /Users/sawakamehiroya/sample_app/vendor/bundle/gems/actioncable-6.0.3/app/assets/javascripts
  /Users/sawakamehiroya/sample_app/vendor/bundle/gems/activestorage-6.0.3/app/assets/javascripts
  /Users/sawakamehiroya/sample_app/vendor/bundle/gems/actionview-6.0.3/lib/assets/compiled
  /Users/sawakamehiroya/sample_app/vendor/bundle/gems/turbolinks-source-5.2.0/lib/assets/javascripts
  /Users/sawakamehiroya/sample_app/node_modules):
     5:   <title><%= full_title(yield(:title)) %></title>
     6:   <%= csrf_meta_tags %>
     7:   <%= csp_meta_tag %>
     8:   <%= stylesheet_link_tag    'application', media: 'all',
     9:                              'data-turbolinks-track': 'reload' %>
    10:   <%= javascript_pack_tag 'application',
    11:                           'data-turbolinks-track': 'reload' %>
  
app/assets/stylesheets/custom.scss:1
app/views/layouts/application.html.erb:8
Started GET "/" for 127.0.0.1 at 2021-03-24 09:44:36 +0900
  [1m[35m (0.3ms)[0m  [1m[34mSELECT sqlite_version(*)[0m
Processing by StaticPagesController#home as HTML
  Rendering static_pages/home.html.erb within layouts/application
  Rendered static_pages/home.html.erb within layouts/application (Duration: 1.1ms | Allocations: 690)
Completed 200 OK in 2999ms (Views: 2995.9ms | ActiveRecord: 0.0ms | Allocations: 3628347)


Started GET "/" for 127.0.0.1 at 2021-03-24 09:45:33 +0900
Processing by StaticPagesController#home as HTML
  Rendering static_pages/home.html.erb within layouts/application
  Rendered static_pages/home.html.erb within layouts/application (Duration: 11.7ms | Allocations: 7043)
Completed 500 Internal Server Error in 15ms (ActiveRecord: 0.0ms | Allocations: 8234)


  
ActionView::Template::Error (The asset "rails.svg" is not present in the asset pipeline.
):
    10:   <%= link_to "Sign up now!", '#', class: "btn btn-lg btn-primary" %>
    11: </div>
    12: 
    13: <%= link_to image_tag("rails.svg", alt: "Rails logo", width: "200px"),
    14:             "https://rubyonrails.org/" %>
  
app/views/static_pages/home.html.erb:13
Started GET "/" for 127.0.0.1 at 2021-03-24 09:45:48 +0900
Processing by StaticPagesController#home as HTML
  Rendering static_pages/home.html.erb within layouts/application
  Rendered static_pages/home.html.erb within layouts/application (Duration: 3.2ms | Allocations: 4144)
Completed 500 Internal Server Error in 5ms (ActiveRecord: 0.0ms | Allocations: 4598)


  
ActionView::Template::Error (The asset "rails.svg" is not present in the asset pipeline.
):
    10:   <%= link_to "Sign up now!", '#', class: "btn btn-lg btn-primary" %>
    11: </div>
  
app/views/static_pages/home.html.erb:13
Started GET "/" for 127.0.0.1 at 2021-03-24 09:46:21 +0900
Processing by StaticPagesController#home as HTML
  Rendering static_pages/home.html.erb within layouts/application
  Rendered static_pages/home.html.erb within layouts/application (Duration: 0.3ms | Allocations: 142)
Completed 200 OK in 17ms (Views: 15.7ms | ActiveRecord: 0.0ms | Allocations: 15435)


Started GET "/" for 127.0.0.1 at 2021-03-24 09:47:10 +0900
Processing by StaticPagesController#home as HTML
  Rendering static_pages/home.html.erb within layouts/application
  Rendered static_pages/home.html.erb within layouts/application (Duration: 0.5ms | Allocations: 140)
Completed 200 OK in 1038ms (Views: 1036.5ms | ActiveRecord: 0.0ms | Allocations: 1330607)


Started GET "/" for 127.0.0.1 at 2021-03-24 09:49:32 +0900
Processing by StaticPagesController#home as HTML
  Rendering static_pages/home.html.erb within layouts/application
  Rendered static_pages/home.html.erb within layouts/application (Duration: 0.5ms | Allocations: 142)
  Rendered layouts/_shim.html.erb (Duration: 0.3ms | Allocations: 87)
  Rendered layouts/_header.html.erb (Duration: 0.3ms | Allocations: 229)
  Rendered layouts/_footer.html.erb (Duration: 0.2ms | Allocations: 162)
Completed 200 OK in 19ms (Views: 18.0ms | ActiveRecord: 0.0ms | Allocations: 16680)


Started GET "/" for 127.0.0.1 at 2021-03-24 09:49:41 +0900
Processing by StaticPagesController#home as HTML
  Rendering static_pages/home.html.erb within layouts/application
  Rendered static_pages/home.html.erb within layouts/application (Duration: 0.1ms | Allocations: 27)
  Rendered layouts/_shim.html.erb (Duration: 0.0ms | Allocations: 6)
  Rendered layouts/_header.html.erb (Duration: 0.1ms | Allocations: 65)
  Rendered layouts/_footer.html.erb (Duration: 0.0ms | Allocations: 31)
Completed 200 OK in 977ms (Views: 976.4ms | ActiveRecord: 0.0ms | Allocations: 1336343)


Started GET "/" for 127.0.0.1 at 2021-03-24 10:03:48 +0900
  [1m[35m (0.1ms)[0m  [1m[34mSELECT sqlite_version(*)[0m
Processing by StaticPagesController#home as HTML
  Rendering static_pages/home.html.erb within layouts/application
  Rendered static_pages/home.html.erb within layouts/application (Duration: 0.1ms | Allocations: 26)
  Rendered layouts/_shim.html.erb (Duration: 0.0ms | Allocations: 6)
  Rendered layouts/_header.html.erb (Duration: 0.1ms | Allocations: 65)
  Rendered layouts/_footer.html.erb (Duration: 0.0ms | Allocations: 31)
Completed 200 OK in 987ms (Views: 986.9ms | ActiveRecord: 0.0ms | Allocations: 1339255)


Started GET "/" for 127.0.0.1 at 2021-03-24 10:10:04 +0900
  [1m[35m (0.1ms)[0m  [1m[34mSELECT sqlite_version(*)[0m
Processing by StaticPagesController#home as HTML
  Rendering static_pages/home.html.erb within layouts/application
  Rendered static_pages/home.html.erb within layouts/application (Duration: 0.3ms | Allocations: 142)
  Rendered layouts/_shim.html.erb (Duration: 0.3ms | Allocations: 84)
  Rendered layouts/_header.html.erb (Duration: 0.3ms | Allocations: 265)
  Rendered layouts/_footer.html.erb (Duration: 0.2ms | Allocations: 155)
Completed 200 OK in 13ms (Views: 12.5ms | ActiveRecord: 0.0ms | Allocations: 17134)


Started GET "/" for 127.0.0.1 at 2021-03-24 10:10:06 +0900
Processing by StaticPagesController#home as HTML
  Rendering static_pages/home.html.erb within layouts/application
  Rendered static_pages/home.html.erb within layouts/application (Duration: 0.1ms | Allocations: 26)
  Rendered layouts/_shim.html.erb (Duration: 0.0ms | Allocations: 6)
  Rendered layouts/_header.html.erb (Duration: 0.2ms | Allocations: 102)
  Rendered layouts/_footer.html.erb (Duration: 0.0ms | Allocations: 31)
Completed 200 OK in 13ms (Views: 12.8ms | ActiveRecord: 0.0ms | Allocations: 15047)


Started GET "/help" for 127.0.0.1 at 2021-03-24 10:10:07 +0900
Processing by StaticPagesController#help as HTML
  Rendering static_pages/help.html.erb within layouts/application
  Rendered static_pages/help.html.erb within layouts/application (Duration: 0.4ms | Allocations: 105)
  Rendered layouts/_shim.html.erb (Duration: 0.0ms | Allocations: 6)
  Rendered layouts/_header.html.erb (Duration: 0.3ms | Allocations: 103)
  Rendered layouts/_footer.html.erb (Duration: 0.0ms | Allocations: 31)
Completed 200 OK in 15ms (Views: 14.1ms | ActiveRecord: 0.0ms | Allocations: 15261)


Started GET "/help" for 127.0.0.1 at 2021-03-24 10:10:09 +0900
Processing by StaticPagesController#help as HTML
  Rendering static_pages/help.html.erb within layouts/application
  Rendered static_pages/help.html.erb within layouts/application (Duration: 0.0ms | Allocations: 7)
  Rendered layouts/_shim.html.erb (Duration: 0.0ms | Allocations: 6)
  Rendered layouts/_header.html.erb (Duration: 0.2ms | Allocations: 97)
  Rendered layouts/_footer.html.erb (Duration: 0.1ms | Allocations: 31)
Completed 200 OK in 13ms (Views: 12.7ms | ActiveRecord: 0.0ms | Allocations: 15023)


Started GET "/" for 127.0.0.1 at 2021-03-24 10:10:10 +0900
Processing by StaticPagesController#home as HTML
  Rendering static_pages/home.html.erb within layouts/application
  Rendered static_pages/home.html.erb within layouts/application (Duration: 0.1ms | Allocations: 26)
  Rendered layouts/_shim.html.erb (Duration: 0.0ms | Allocations: 6)
  Rendered layouts/_header.html.erb (Duration: 0.2ms | Allocations: 97)
  Rendered layouts/_footer.html.erb (Duration: 0.0ms | Allocations: 31)
Completed 200 OK in 15ms (Views: 14.6ms | ActiveRecord: 0.0ms | Allocations: 15033)


Started GET "/" for 127.0.0.1 at 2021-03-24 10:10:11 +0900
Processing by StaticPagesController#home as HTML
  Rendering static_pages/home.html.erb within layouts/application
  Rendered static_pages/home.html.erb within layouts/application (Duration: 0.1ms | Allocations: 26)
  Rendered layouts/_shim.html.erb (Duration: 0.0ms | Allocations: 6)
  Rendered layouts/_header.html.erb (Duration: 0.2ms | Allocations: 97)
  Rendered layouts/_footer.html.erb (Duration: 0.0ms | Allocations: 31)
Completed 200 OK in 14ms (Views: 13.7ms | ActiveRecord: 0.0ms | Allocations: 15031)


Started GET "/help" for 127.0.0.1 at 2021-03-24 10:10:12 +0900
Processing by StaticPagesController#help as HTML
  Rendering static_pages/help.html.erb within layouts/application
  Rendered static_pages/help.html.erb within layouts/application (Duration: 0.0ms | Allocations: 7)
  Rendered layouts/_shim.html.erb (Duration: 0.0ms | Allocations: 6)
  Rendered layouts/_header.html.erb (Duration: 0.2ms | Allocations: 97)
  Rendered layouts/_footer.html.erb (Duration: 0.1ms | Allocations: 31)
Completed 200 OK in 15ms (Views: 14.8ms | ActiveRecord: 0.0ms | Allocations: 15371)


Started GET "/" for 127.0.0.1 at 2021-03-24 10:10:13 +0900
Processing by StaticPagesController#home as HTML
  Rendering static_pages/home.html.erb within layouts/application
  Rendered static_pages/home.html.erb within layouts/application (Duration: 0.1ms | Allocations: 26)
  Rendered layouts/_shim.html.erb (Duration: 0.0ms | Allocations: 6)
  Rendered layouts/_header.html.erb (Duration: 0.1ms | Allocations: 97)
  Rendered layouts/_footer.html.erb (Duration: 0.0ms | Allocations: 31)
Completed 200 OK in 30ms (Views: 29.1ms | ActiveRecord: 0.0ms | Allocations: 15029)


Started GET "/" for 127.0.0.1 at 2021-03-28 22:34:29 +0900
  [1m[35m (0.4ms)[0m  [1m[34mSELECT sqlite_version(*)[0m
Processing by StaticPagesController#home as HTML
  Rendering static_pages/home.html.erb within layouts/application
  Rendered static_pages/home.html.erb within layouts/application (Duration: 0.9ms | Allocations: 564)
  Rendered layouts/_shim.html.erb (Duration: 0.3ms | Allocations: 94)
  Rendered layouts/_header.html.erb (Duration: 0.4ms | Allocations: 257)
  Rendered layouts/_footer.html.erb (Duration: 0.3ms | Allocations: 180)
Completed 200 OK in 1025ms (Views: 1021.6ms | ActiveRecord: 0.0ms | Allocations: 1501967)


  [1m[35m (0.7ms)[0m  [1m[34mSELECT sqlite_version(*)[0m
  [1m[35m (0.2ms)[0m  [1m[34mSELECT "schema_migrations"."version" FROM "schema_migrations" ORDER BY "schema_migrations"."version" ASC[0m
Migrating to CreateUsers (20210328133920)
  [1m[35m (0.1ms)[0m  [1m[36mbegin transaction[0m
  [1m[35m (0.4ms)[0m  [1m[35mCREATE TABLE "users" ("id" integer PRIMARY KEY AUTOINCREMENT NOT NULL, "name" varchar, "email" varchar, "created_at" datetime(6) NOT NULL, "updated_at" datetime(6) NOT NULL)[0m
  [1m[36mprimary::SchemaMigration Create (0.1ms)[0m  [1m[32mINSERT INTO "schema_migrations" ("version") VALUES (?)[0m  [["version", "20210328133920"]]
  [1m[35m (1.0ms)[0m  [1m[36mcommit transaction[0m
  [1m[36mActiveRecord::InternalMetadata Load (0.1ms)[0m  [1m[34mSELECT "ar_internal_metadata".* FROM "ar_internal_metadata" WHERE "ar_internal_metadata"."key" = ? LIMIT ?[0m  [["key", "environment"], ["LIMIT", 1]]
  [1m[35m (0.1ms)[0m  [1m[34mSELECT sqlite_version(*)[0m
  [1m[35m (0.1ms)[0m  [1m[34mSELECT "schema_migrations"."version" FROM "schema_migrations" ORDER BY "schema_migrations"."version" ASC[0m
Started GET "/" for 127.0.0.1 at 2021-03-30 21:18:36 +0900
  [1m[35m (0.6ms)[0m  [1m[34mSELECT sqlite_version(*)[0m
  [1m[35m (0.6ms)[0m  [1m[34mSELECT "schema_migrations"."version" FROM "schema_migrations" ORDER BY "schema_migrations"."version" ASC[0m
Processing by StaticPagesController#home as HTML
  Rendering static_pages/home.html.erb within layouts/application
  Rendered static_pages/home.html.erb within layouts/application (Duration: 1.7ms | Allocations: 1442)
  Rendered layouts/_shim.html.erb (Duration: 0.4ms | Allocations: 94)
  Rendered layouts/_header.html.erb (Duration: 0.9ms | Allocations: 257)
  Rendered layouts/_footer.html.erb (Duration: 0.8ms | Allocations: 180)
Completed 200 OK in 1101ms (Views: 1096.5ms | ActiveRecord: 0.0ms | Allocations: 1481278)


  [1m[35m (0.3ms)[0m  [1m[34mSELECT sqlite_version(*)[0m
  [1m[35m (0.3ms)[0m  [1m[34mSELECT "schema_migrations"."version" FROM "schema_migrations" ORDER BY "schema_migrations"."version" ASC[0m
Migrating to AddIndexToUsersEmail (20210403090158)
  [1m[35m (0.1ms)[0m  [1m[36mbegin transaction[0m
  [1m[36mprimary::SchemaMigration Create (0.5ms)[0m  [1m[32mINSERT INTO "schema_migrations" ("version") VALUES (?)[0m  [["version", "20210403090158"]]
  [1m[35m (1.0ms)[0m  [1m[36mcommit transaction[0m
  [1m[36mActiveRecord::InternalMetadata Load (0.9ms)[0m  [1m[34mSELECT "ar_internal_metadata".* FROM "ar_internal_metadata" WHERE "ar_internal_metadata"."key" = ? LIMIT ?[0m  [["key", "environment"], ["LIMIT", 1]]
  [1m[35m (0.0ms)[0m  [1m[34mSELECT sqlite_version(*)[0m
  [1m[35m (0.1ms)[0m  [1m[34mSELECT "schema_migrations"."version" FROM "schema_migrations" ORDER BY "schema_migrations"."version" ASC[0m
  [1m[35m (0.3ms)[0m  [1m[34mSELECT sqlite_version(*)[0m
  [1m[35m (0.1ms)[0m  [1m[34mSELECT "schema_migrations"."version" FROM "schema_migrations" ORDER BY "schema_migrations"."version" ASC[0m
  [1m[36mActiveRecord::InternalMetadata Load (0.1ms)[0m  [1m[34mSELECT "ar_internal_metadata".* FROM "ar_internal_metadata" WHERE "ar_internal_metadata"."key" = ? LIMIT ?[0m  [["key", "environment"], ["LIMIT", 1]]
  [1m[35m (0.0ms)[0m  [1m[34mSELECT sqlite_version(*)[0m
  [1m[35m (0.1ms)[0m  [1m[34mSELECT "schema_migrations"."version" FROM "schema_migrations" ORDER BY "schema_migrations"."version" ASC[0m
  [1m[35m (0.3ms)[0m  [1m[34mSELECT sqlite_version(*)[0m
  [1m[35m (0.1ms)[0m  [1m[34mSELECT "schema_migrations"."version" FROM "schema_migrations" ORDER BY "schema_migrations"."version" ASC[0m
Migrating to AddPasswordDigestToUsers (20210405142723)
  [1m[35m (0.0ms)[0m  [1m[36mbegin transaction[0m
  [1m[35m (0.4ms)[0m  [1m[35mALTER TABLE "users" ADD "password_digest" varchar[0m
  [1m[36mprimary::SchemaMigration Create (0.1ms)[0m  [1m[32mINSERT INTO "schema_migrations" ("version") VALUES (?)[0m  [["version", "20210405142723"]]
  [1m[35m (1.0ms)[0m  [1m[36mcommit transaction[0m
  [1m[36mActiveRecord::InternalMetadata Load (0.1ms)[0m  [1m[34mSELECT "ar_internal_metadata".* FROM "ar_internal_metadata" WHERE "ar_internal_metadata"."key" = ? LIMIT ?[0m  [["key", "environment"], ["LIMIT", 1]]
  [1m[35m (0.0ms)[0m  [1m[34mSELECT sqlite_version(*)[0m
  [1m[35m (0.1ms)[0m  [1m[34mSELECT "schema_migrations"."version" FROM "schema_migrations" ORDER BY "schema_migrations"."version" ASC[0m
  [1m[35m (0.4ms)[0m  [1m[34mSELECT sqlite_version(*)[0m
  [1m[35m (0.1ms)[0m  [1m[36mbegin transaction[0m
  [1m[36mUser Exists? (0.1ms)[0m  [1m[34mSELECT 1 AS one FROM "users" WHERE "users"."email" = ? LIMIT ?[0m  [["email", "michael@example.com"], ["LIMIT", 1]]
  [1m[36mUser Create (0.3ms)[0m  [1m[32mINSERT INTO "users" ("name", "email", "created_at", "updated_at", "password_digest") VALUES (?, ?, ?, ?, ?)[0m  [["name", "Michael Hartl"], ["email", "michael@example.com"], ["created_at", "2021-04-05 14:36:07.114633"], ["updated_at", "2021-04-05 14:36:07.114633"], ["password_digest", "$2a$12$ufrkPnvoKboayxuDRyNXUeITg6YN72cucMlLmHw67N6aF.FKZ6RDe"]]
  [1m[35m (1.0ms)[0m  [1m[36mcommit transaction[0m
  [1m[36mUser Load (0.2ms)[0m  [1m[34mSELECT "users".* FROM "users" LIMIT ?[0m  [["LIMIT", 11]]
  [1m[36mUser Load (0.2ms)[0m  [1m[34mSELECT "users".* FROM "users" WHERE "users"."id" = ? LIMIT ?[0m  [["id", 1], ["LIMIT", 1]]
